{"C:\\git\\HS1_Rest\\lib\\convertCsv.js": {"path":"C:\\git\\HS1_Rest\\lib\\convertCsv.js","all":false,"statementMap":{"0":{"start":{"line":1,"column":0},"end":{"line":1,"column":41}},"1":{"start":{"line":2,"column":0},"end":{"line":2,"column":0}},"2":{"start":{"line":3,"column":0},"end":{"line":3,"column":46}},"3":{"start":{"line":4,"column":0},"end":{"line":4,"column":25}},"4":{"start":{"line":5,"column":0},"end":{"line":5,"column":42}},"5":{"start":{"line":6,"column":0},"end":{"line":6,"column":36}},"6":{"start":{"line":7,"column":0},"end":{"line":7,"column":71}},"7":{"start":{"line":8,"column":0},"end":{"line":8,"column":77}},"8":{"start":{"line":9,"column":0},"end":{"line":9,"column":57}},"9":{"start":{"line":10,"column":0},"end":{"line":10,"column":60}},"10":{"start":{"line":11,"column":0},"end":{"line":11,"column":13}},"11":{"start":{"line":12,"column":0},"end":{"line":12,"column":65}},"12":{"start":{"line":13,"column":0},"end":{"line":13,"column":80}},"13":{"start":{"line":14,"column":0},"end":{"line":14,"column":56}},"14":{"start":{"line":15,"column":0},"end":{"line":15,"column":75}},"15":{"start":{"line":16,"column":0},"end":{"line":16,"column":13}},"16":{"start":{"line":17,"column":0},"end":{"line":17,"column":63}},"17":{"start":{"line":18,"column":0},"end":{"line":18,"column":18}},"18":{"start":{"line":19,"column":0},"end":{"line":19,"column":56}},"19":{"start":{"line":20,"column":0},"end":{"line":20,"column":93}},"20":{"start":{"line":21,"column":0},"end":{"line":21,"column":13}},"21":{"start":{"line":22,"column":0},"end":{"line":22,"column":9}},"22":{"start":{"line":23,"column":0},"end":{"line":23,"column":41}},"23":{"start":{"line":24,"column":0},"end":{"line":24,"column":14}},"24":{"start":{"line":25,"column":0},"end":{"line":25,"column":69}},"25":{"start":{"line":26,"column":0},"end":{"line":26,"column":17}},"26":{"start":{"line":27,"column":0},"end":{"line":27,"column":6}},"27":{"start":{"line":28,"column":0},"end":{"line":28,"column":26}},"28":{"start":{"line":29,"column":0},"end":{"line":29,"column":1}},"29":{"start":{"line":30,"column":0},"end":{"line":30,"column":0}},"30":{"start":{"line":31,"column":0},"end":{"line":31,"column":62}},"31":{"start":{"line":32,"column":0},"end":{"line":32,"column":57}},"32":{"start":{"line":33,"column":0},"end":{"line":33,"column":1}},"33":{"start":{"line":34,"column":0},"end":{"line":34,"column":0}},"34":{"start":{"line":35,"column":0},"end":{"line":35,"column":29}},"35":{"start":{"line":36,"column":0},"end":{"line":36,"column":37}},"36":{"start":{"line":37,"column":0},"end":{"line":37,"column":63}},"37":{"start":{"line":38,"column":0},"end":{"line":38,"column":57}},"38":{"start":{"line":39,"column":0},"end":{"line":39,"column":1}},"39":{"start":{"line":40,"column":0},"end":{"line":40,"column":0}},"40":{"start":{"line":41,"column":0},"end":{"line":41,"column":32}}},"s":{"0":1,"1":1,"2":1,"3":5,"4":5,"5":33,"6":28,"7":28,"8":8,"9":8,"10":8,"11":28,"12":28,"13":8,"14":8,"15":8,"16":12,"17":12,"18":12,"19":12,"20":12,"21":28,"22":33,"23":33,"24":33,"25":33,"26":33,"27":5,"28":5,"29":1,"30":1,"31":5,"32":5,"33":1,"34":1,"35":5,"36":5,"37":5,"38":5,"39":1,"40":1},"branchMap":{"0":{"type":"branch","line":1,"loc":{"start":{"line":1,"column":18},"end":{"line":1,"column":29}},"locations":[{"start":{"line":1,"column":18},"end":{"line":1,"column":29}}]},"1":{"type":"branch","line":3,"loc":{"start":{"line":3,"column":35},"end":{"line":29,"column":1}},"locations":[{"start":{"line":3,"column":35},"end":{"line":29,"column":1}}]},"2":{"type":"branch","line":5,"loc":{"start":{"line":5,"column":30},"end":{"line":27,"column":6}},"locations":[{"start":{"line":5,"column":30},"end":{"line":27,"column":6}}]},"3":{"type":"branch","line":6,"loc":{"start":{"line":6,"column":35},"end":{"line":22,"column":9}},"locations":[{"start":{"line":6,"column":35},"end":{"line":22,"column":9}}]},"4":{"type":"branch","line":8,"loc":{"start":{"line":8,"column":16},"end":{"line":8,"column":76}},"locations":[{"start":{"line":8,"column":16},"end":{"line":8,"column":76}}]},"5":{"type":"branch","line":8,"loc":{"start":{"line":8,"column":76},"end":{"line":11,"column":13}},"locations":[{"start":{"line":8,"column":76},"end":{"line":11,"column":13}}]},"6":{"type":"branch","line":13,"loc":{"start":{"line":13,"column":21},"end":{"line":13,"column":79}},"locations":[{"start":{"line":13,"column":21},"end":{"line":13,"column":79}}]},"7":{"type":"branch","line":13,"loc":{"start":{"line":13,"column":79},"end":{"line":16,"column":13}},"locations":[{"start":{"line":13,"column":79},"end":{"line":16,"column":13}}]},"8":{"type":"branch","line":17,"loc":{"start":{"line":17,"column":-2},"end":{"line":21,"column":13}},"locations":[{"start":{"line":17,"column":-2},"end":{"line":21,"column":13}}]},"9":{"type":"branch","line":31,"loc":{"start":{"line":31,"column":42},"end":{"line":33,"column":1}},"locations":[{"start":{"line":31,"column":42},"end":{"line":33,"column":1}}]},"10":{"type":"branch","line":35,"loc":{"start":{"line":35,"column":20},"end":{"line":39,"column":1}},"locations":[{"start":{"line":35,"column":20},"end":{"line":39,"column":1}}]}},"b":{"0":[5],"1":[5],"2":[33],"3":[28],"4":[20],"5":[8],"6":[8],"7":[8],"8":[12],"9":[5],"10":[5]},"fnMap":{"0":{"name":"splitCsv","decl":{"start":{"line":1,"column":18},"end":{"line":1,"column":29}},"loc":{"start":{"line":1,"column":18},"end":{"line":1,"column":29}},"line":1},"1":{"name":"replaceQuotesWithBrackets","decl":{"start":{"line":3,"column":35},"end":{"line":29,"column":1}},"loc":{"start":{"line":3,"column":35},"end":{"line":29,"column":1}},"line":3},"2":{"name":"formatBracketArrayToStringOutput","decl":{"start":{"line":31,"column":42},"end":{"line":33,"column":1}},"loc":{"start":{"line":31,"column":42},"end":{"line":33,"column":1}},"line":31},"3":{"name":"convertCsv","decl":{"start":{"line":35,"column":20},"end":{"line":39,"column":1}},"loc":{"start":{"line":35,"column":20},"end":{"line":39,"column":1}},"line":35}},"f":{"0":5,"1":5,"2":5,"3":5}}
}
