{"C:\\git\\HS1_Rest\\lib\\convertCsv.js": {"path":"C:\\git\\HS1_Rest\\lib\\convertCsv.js","all":false,"statementMap":{"0":{"start":{"line":1,"column":0},"end":{"line":1,"column":3}},"1":{"start":{"line":2,"column":0},"end":{"line":2,"column":3}},"2":{"start":{"line":3,"column":0},"end":{"line":3,"column":23}},"3":{"start":{"line":4,"column":0},"end":{"line":4,"column":53}},"4":{"start":{"line":5,"column":0},"end":{"line":5,"column":3}},"5":{"start":{"line":6,"column":0},"end":{"line":6,"column":41}},"6":{"start":{"line":7,"column":0},"end":{"line":7,"column":0}},"7":{"start":{"line":8,"column":0},"end":{"line":8,"column":3}},"8":{"start":{"line":9,"column":0},"end":{"line":9,"column":3}},"9":{"start":{"line":10,"column":0},"end":{"line":10,"column":24}},"10":{"start":{"line":11,"column":0},"end":{"line":11,"column":88}},"11":{"start":{"line":12,"column":0},"end":{"line":12,"column":3}},"12":{"start":{"line":13,"column":0},"end":{"line":13,"column":0}},"13":{"start":{"line":14,"column":0},"end":{"line":14,"column":46}},"14":{"start":{"line":15,"column":0},"end":{"line":15,"column":26}},"15":{"start":{"line":16,"column":0},"end":{"line":16,"column":42}},"16":{"start":{"line":17,"column":0},"end":{"line":17,"column":36}},"17":{"start":{"line":18,"column":0},"end":{"line":18,"column":71}},"18":{"start":{"line":19,"column":0},"end":{"line":19,"column":77}},"19":{"start":{"line":20,"column":0},"end":{"line":20,"column":58}},"20":{"start":{"line":21,"column":0},"end":{"line":21,"column":61}},"21":{"start":{"line":22,"column":0},"end":{"line":22,"column":13}},"22":{"start":{"line":23,"column":0},"end":{"line":23,"column":65}},"23":{"start":{"line":24,"column":0},"end":{"line":24,"column":80}},"24":{"start":{"line":25,"column":0},"end":{"line":25,"column":57}},"25":{"start":{"line":26,"column":0},"end":{"line":26,"column":76}},"26":{"start":{"line":27,"column":0},"end":{"line":27,"column":13}},"27":{"start":{"line":28,"column":0},"end":{"line":28,"column":63}},"28":{"start":{"line":29,"column":0},"end":{"line":29,"column":18}},"29":{"start":{"line":30,"column":0},"end":{"line":30,"column":57}},"30":{"start":{"line":31,"column":0},"end":{"line":31,"column":94}},"31":{"start":{"line":32,"column":0},"end":{"line":32,"column":13}},"32":{"start":{"line":33,"column":0},"end":{"line":33,"column":9}},"33":{"start":{"line":34,"column":0},"end":{"line":34,"column":41}},"34":{"start":{"line":35,"column":0},"end":{"line":35,"column":14}},"35":{"start":{"line":36,"column":0},"end":{"line":36,"column":69}},"36":{"start":{"line":37,"column":0},"end":{"line":37,"column":17}},"37":{"start":{"line":38,"column":0},"end":{"line":38,"column":6}},"38":{"start":{"line":39,"column":0},"end":{"line":39,"column":26}},"39":{"start":{"line":40,"column":0},"end":{"line":40,"column":1}},"40":{"start":{"line":41,"column":0},"end":{"line":41,"column":0}},"41":{"start":{"line":42,"column":0},"end":{"line":42,"column":3}},"42":{"start":{"line":43,"column":0},"end":{"line":43,"column":3}},"43":{"start":{"line":44,"column":0},"end":{"line":44,"column":33}},"44":{"start":{"line":45,"column":0},"end":{"line":45,"column":77}},"45":{"start":{"line":46,"column":0},"end":{"line":46,"column":3}},"46":{"start":{"line":47,"column":0},"end":{"line":47,"column":0}},"47":{"start":{"line":48,"column":0},"end":{"line":48,"column":62}},"48":{"start":{"line":49,"column":0},"end":{"line":49,"column":57}},"49":{"start":{"line":50,"column":0},"end":{"line":50,"column":1}},"50":{"start":{"line":51,"column":0},"end":{"line":51,"column":0}},"51":{"start":{"line":52,"column":0},"end":{"line":52,"column":3}},"52":{"start":{"line":53,"column":0},"end":{"line":53,"column":3}},"53":{"start":{"line":54,"column":0},"end":{"line":54,"column":23}},"54":{"start":{"line":55,"column":0},"end":{"line":55,"column":56}},"55":{"start":{"line":56,"column":0},"end":{"line":56,"column":3}},"56":{"start":{"line":57,"column":0},"end":{"line":57,"column":0}},"57":{"start":{"line":58,"column":0},"end":{"line":58,"column":29}},"58":{"start":{"line":59,"column":0},"end":{"line":59,"column":37}},"59":{"start":{"line":60,"column":0},"end":{"line":60,"column":63}},"60":{"start":{"line":61,"column":0},"end":{"line":61,"column":57}},"61":{"start":{"line":62,"column":0},"end":{"line":62,"column":1}},"62":{"start":{"line":63,"column":0},"end":{"line":63,"column":0}},"63":{"start":{"line":64,"column":0},"end":{"line":64,"column":28}},"64":{"start":{"line":65,"column":0},"end":{"line":65,"column":62}},"65":{"start":{"line":66,"column":0},"end":{"line":66,"column":32}}},"s":{"0":1,"1":1,"2":1,"3":1,"4":1,"5":1,"6":1,"7":1,"8":1,"9":1,"10":1,"11":1,"12":1,"13":1,"14":35,"15":35,"16":223,"17":192,"18":192,"19":48,"20":48,"21":48,"22":144,"23":144,"24":48,"25":48,"26":48,"27":144,"28":144,"29":144,"30":144,"31":144,"32":192,"33":31,"34":31,"35":31,"36":31,"37":223,"38":35,"39":35,"40":1,"41":1,"42":1,"43":1,"44":1,"45":1,"46":1,"47":1,"48":34,"49":34,"50":1,"51":1,"52":1,"53":1,"54":1,"55":1,"56":1,"57":1,"58":34,"59":34,"60":34,"61":34,"62":1,"63":1,"64":1,"65":1},"branchMap":{"0":{"type":"branch","line":6,"loc":{"start":{"line":6,"column":18},"end":{"line":6,"column":29}},"locations":[{"start":{"line":6,"column":18},"end":{"line":6,"column":29}}]},"1":{"type":"branch","line":14,"loc":{"start":{"line":14,"column":35},"end":{"line":40,"column":1}},"locations":[{"start":{"line":14,"column":35},"end":{"line":40,"column":1}}]},"2":{"type":"branch","line":16,"loc":{"start":{"line":16,"column":30},"end":{"line":38,"column":6}},"locations":[{"start":{"line":16,"column":30},"end":{"line":38,"column":6}}]},"3":{"type":"branch","line":17,"loc":{"start":{"line":17,"column":35},"end":{"line":33,"column":9}},"locations":[{"start":{"line":17,"column":35},"end":{"line":33,"column":9}}]},"4":{"type":"branch","line":19,"loc":{"start":{"line":19,"column":16},"end":{"line":19,"column":76}},"locations":[{"start":{"line":19,"column":16},"end":{"line":19,"column":76}}]},"5":{"type":"branch","line":19,"loc":{"start":{"line":19,"column":76},"end":{"line":22,"column":13}},"locations":[{"start":{"line":19,"column":76},"end":{"line":22,"column":13}}]},"6":{"type":"branch","line":23,"loc":{"start":{"line":23,"column":-2},"end":{"line":32,"column":13}},"locations":[{"start":{"line":23,"column":-2},"end":{"line":32,"column":13}}]},"7":{"type":"branch","line":24,"loc":{"start":{"line":24,"column":21},"end":{"line":24,"column":79}},"locations":[{"start":{"line":24,"column":21},"end":{"line":24,"column":79}}]},"8":{"type":"branch","line":24,"loc":{"start":{"line":24,"column":79},"end":{"line":27,"column":13}},"locations":[{"start":{"line":24,"column":79},"end":{"line":27,"column":13}}]},"9":{"type":"branch","line":34,"loc":{"start":{"line":34,"column":-2},"end":{"line":37,"column":17}},"locations":[{"start":{"line":34,"column":-2},"end":{"line":37,"column":17}}]},"10":{"type":"branch","line":48,"loc":{"start":{"line":48,"column":42},"end":{"line":50,"column":1}},"locations":[{"start":{"line":48,"column":42},"end":{"line":50,"column":1}}]},"11":{"type":"branch","line":58,"loc":{"start":{"line":58,"column":20},"end":{"line":62,"column":1}},"locations":[{"start":{"line":58,"column":20},"end":{"line":62,"column":1}}]}},"b":{"0":[35],"1":[35],"2":[223],"3":[192],"4":[144],"5":[48],"6":[144],"7":[48],"8":[48],"9":[31],"10":[34],"11":[34]},"fnMap":{"0":{"name":"splitCsv","decl":{"start":{"line":6,"column":18},"end":{"line":6,"column":29}},"loc":{"start":{"line":6,"column":18},"end":{"line":6,"column":29}},"line":6},"1":{"name":"replaceQuotesWithBrackets","decl":{"start":{"line":14,"column":35},"end":{"line":40,"column":1}},"loc":{"start":{"line":14,"column":35},"end":{"line":40,"column":1}},"line":14},"2":{"name":"formatBracketArrayToStringOutput","decl":{"start":{"line":48,"column":42},"end":{"line":50,"column":1}},"loc":{"start":{"line":48,"column":42},"end":{"line":50,"column":1}},"line":48},"3":{"name":"convertCsv","decl":{"start":{"line":58,"column":20},"end":{"line":62,"column":1}},"loc":{"start":{"line":58,"column":20},"end":{"line":62,"column":1}},"line":58}},"f":{"0":35,"1":35,"2":34,"3":34}}
,"C:\\git\\HS1_Rest\\lib\\parseBody.js": {"path":"C:\\git\\HS1_Rest\\lib\\parseBody.js","all":false,"statementMap":{"0":{"start":{"line":1,"column":0},"end":{"line":1,"column":65}},"1":{"start":{"line":2,"column":0},"end":{"line":2,"column":0}},"2":{"start":{"line":3,"column":0},"end":{"line":3,"column":3}},"3":{"start":{"line":4,"column":0},"end":{"line":4,"column":3}},"4":{"start":{"line":5,"column":0},"end":{"line":5,"column":44}},"5":{"start":{"line":6,"column":0},"end":{"line":6,"column":37}},"6":{"start":{"line":7,"column":0},"end":{"line":7,"column":3}},"7":{"start":{"line":8,"column":0},"end":{"line":8,"column":45}},"8":{"start":{"line":9,"column":0},"end":{"line":9,"column":0}},"9":{"start":{"line":10,"column":0},"end":{"line":10,"column":3}},"10":{"start":{"line":11,"column":0},"end":{"line":11,"column":3}},"11":{"start":{"line":12,"column":0},"end":{"line":12,"column":24}},"12":{"start":{"line":13,"column":0},"end":{"line":13,"column":71}},"13":{"start":{"line":14,"column":0},"end":{"line":14,"column":3}},"14":{"start":{"line":15,"column":0},"end":{"line":15,"column":52}},"15":{"start":{"line":16,"column":0},"end":{"line":16,"column":25}},"16":{"start":{"line":17,"column":0},"end":{"line":17,"column":78}},"17":{"start":{"line":18,"column":0},"end":{"line":18,"column":45}},"18":{"start":{"line":19,"column":0},"end":{"line":19,"column":34}},"19":{"start":{"line":20,"column":0},"end":{"line":20,"column":58}},"20":{"start":{"line":21,"column":0},"end":{"line":21,"column":42}},"21":{"start":{"line":22,"column":0},"end":{"line":22,"column":50}},"22":{"start":{"line":23,"column":0},"end":{"line":23,"column":9}},"23":{"start":{"line":24,"column":0},"end":{"line":24,"column":5}},"24":{"start":{"line":25,"column":0},"end":{"line":25,"column":53}},"25":{"start":{"line":26,"column":0},"end":{"line":26,"column":63}},"26":{"start":{"line":27,"column":0},"end":{"line":27,"column":10}},"27":{"start":{"line":28,"column":0},"end":{"line":28,"column":23}},"28":{"start":{"line":29,"column":0},"end":{"line":29,"column":1}},"29":{"start":{"line":30,"column":0},"end":{"line":30,"column":0}},"30":{"start":{"line":31,"column":0},"end":{"line":31,"column":3}},"31":{"start":{"line":32,"column":0},"end":{"line":32,"column":3}},"32":{"start":{"line":33,"column":0},"end":{"line":33,"column":43}},"33":{"start":{"line":34,"column":0},"end":{"line":34,"column":68}},"34":{"start":{"line":35,"column":0},"end":{"line":35,"column":3}},"35":{"start":{"line":36,"column":0},"end":{"line":36,"column":44}},"36":{"start":{"line":37,"column":0},"end":{"line":37,"column":38}},"37":{"start":{"line":38,"column":0},"end":{"line":38,"column":70}},"38":{"start":{"line":39,"column":0},"end":{"line":39,"column":26}},"39":{"start":{"line":40,"column":0},"end":{"line":40,"column":1}},"40":{"start":{"line":41,"column":0},"end":{"line":41,"column":0}},"41":{"start":{"line":42,"column":0},"end":{"line":42,"column":30}},"42":{"start":{"line":43,"column":0},"end":{"line":43,"column":74}},"43":{"start":{"line":44,"column":0},"end":{"line":44,"column":60}}},"s":{"0":1,"1":1,"2":1,"3":1,"4":1,"5":1,"6":1,"7":1,"8":1,"9":1,"10":1,"11":1,"12":1,"13":1,"14":1,"15":5,"16":5,"17":5,"18":23,"19":13,"20":23,"21":5,"22":5,"23":23,"24":5,"25":5,"26":5,"27":5,"28":5,"29":1,"30":1,"31":1,"32":1,"33":1,"34":1,"35":1,"36":4,"37":4,"38":4,"39":4,"40":1,"41":1,"42":1,"43":1},"branchMap":{"0":{"type":"branch","line":8,"loc":{"start":{"line":8,"column":19},"end":{"line":8,"column":32}},"locations":[{"start":{"line":8,"column":19},"end":{"line":8,"column":32}}]},"1":{"type":"branch","line":15,"loc":{"start":{"line":15,"column":41},"end":{"line":29,"column":1}},"locations":[{"start":{"line":15,"column":41},"end":{"line":29,"column":1}}]},"2":{"type":"branch","line":18,"loc":{"start":{"line":18,"column":44},"end":{"line":24,"column":5}},"locations":[{"start":{"line":18,"column":44},"end":{"line":24,"column":5}}]},"3":{"type":"branch","line":19,"loc":{"start":{"line":19,"column":33},"end":{"line":21,"column":15}},"locations":[{"start":{"line":19,"column":33},"end":{"line":21,"column":15}}]},"4":{"type":"branch","line":21,"loc":{"start":{"line":21,"column":9},"end":{"line":23,"column":9}},"locations":[{"start":{"line":21,"column":9},"end":{"line":23,"column":9}}]},"5":{"type":"branch","line":21,"loc":{"start":{"line":21,"column":41},"end":{"line":23,"column":9}},"locations":[{"start":{"line":21,"column":41},"end":{"line":23,"column":9}}]},"6":{"type":"branch","line":36,"loc":{"start":{"line":36,"column":34},"end":{"line":40,"column":1}},"locations":[{"start":{"line":36,"column":34},"end":{"line":40,"column":1}}]}},"b":{"0":[6],"1":[5],"2":[23],"3":[13],"4":[10],"5":[5],"6":[4]},"fnMap":{"0":{"name":"splitBody","decl":{"start":{"line":8,"column":19},"end":{"line":8,"column":32}},"loc":{"start":{"line":8,"column":19},"end":{"line":8,"column":32}},"line":8},"1":{"name":"convertArrayToBlockFormatString","decl":{"start":{"line":15,"column":41},"end":{"line":29,"column":1}},"loc":{"start":{"line":15,"column":41},"end":{"line":29,"column":1}},"line":15},"2":{"name":"convertBodyToStringBlock","decl":{"start":{"line":36,"column":34},"end":{"line":40,"column":1}},"loc":{"start":{"line":36,"column":34},"end":{"line":40,"column":1}},"line":36}},"f":{"0":6,"1":5,"2":4}}
,"C:\\git\\HS1_Rest\\routes\\parseCsv.js": {"path":"C:\\git\\HS1_Rest\\routes\\parseCsv.js","all":false,"statementMap":{"0":{"start":{"line":1,"column":0},"end":{"line":1,"column":33}},"1":{"start":{"line":2,"column":0},"end":{"line":2,"column":52}},"2":{"start":{"line":3,"column":0},"end":{"line":3,"column":65}},"3":{"start":{"line":4,"column":0},"end":{"line":4,"column":30}},"4":{"start":{"line":5,"column":0},"end":{"line":5,"column":0}},"5":{"start":{"line":6,"column":0},"end":{"line":6,"column":53}},"6":{"start":{"line":7,"column":0},"end":{"line":7,"column":34}},"7":{"start":{"line":8,"column":0},"end":{"line":8,"column":3}},"8":{"start":{"line":9,"column":0},"end":{"line":9,"column":0}},"9":{"start":{"line":10,"column":0},"end":{"line":10,"column":20}},"10":{"start":{"line":11,"column":0},"end":{"line":11,"column":54}},"11":{"start":{"line":12,"column":0},"end":{"line":12,"column":29}},"12":{"start":{"line":13,"column":0},"end":{"line":13,"column":42}},"13":{"start":{"line":14,"column":0},"end":{"line":14,"column":3}},"14":{"start":{"line":15,"column":0},"end":{"line":15,"column":0}},"15":{"start":{"line":16,"column":0},"end":{"line":16,"column":42}},"16":{"start":{"line":17,"column":0},"end":{"line":17,"column":28}},"17":{"start":{"line":18,"column":0},"end":{"line":18,"column":21}},"18":{"start":{"line":19,"column":0},"end":{"line":19,"column":31}},"19":{"start":{"line":20,"column":0},"end":{"line":20,"column":27}},"20":{"start":{"line":21,"column":0},"end":{"line":21,"column":7}},"21":{"start":{"line":22,"column":0},"end":{"line":22,"column":25}},"22":{"start":{"line":23,"column":0},"end":{"line":23,"column":13}},"23":{"start":{"line":24,"column":0},"end":{"line":24,"column":7}},"24":{"start":{"line":25,"column":0},"end":{"line":25,"column":3}},"25":{"start":{"line":26,"column":0},"end":{"line":26,"column":0}},"26":{"start":{"line":27,"column":0},"end":{"line":27,"column":25}},"27":{"start":{"line":28,"column":0},"end":{"line":28,"column":0}},"28":{"start":{"line":29,"column":0},"end":{"line":29,"column":44}},"29":{"start":{"line":30,"column":0},"end":{"line":30,"column":18}},"30":{"start":{"line":31,"column":0},"end":{"line":31,"column":68}},"31":{"start":{"line":32,"column":0},"end":{"line":32,"column":28}},"32":{"start":{"line":33,"column":0},"end":{"line":33,"column":13}},"33":{"start":{"line":34,"column":0},"end":{"line":34,"column":3}},"34":{"start":{"line":35,"column":0},"end":{"line":35,"column":0}},"35":{"start":{"line":36,"column":0},"end":{"line":36,"column":24}}},"s":{"0":1,"1":1,"2":1,"3":1,"4":1,"5":1,"6":1,"7":1,"8":1,"9":1,"10":1,"11":1,"12":1,"13":1,"14":1,"15":1,"16":1,"17":1,"18":1,"19":1,"20":1,"21":1,"22":1,"23":1,"24":1,"25":1,"26":1,"27":1,"28":1,"29":1,"30":1,"31":1,"32":1,"33":1,"34":1,"35":1},"branchMap":{"0":{"type":"branch","line":6,"loc":{"start":{"line":6,"column":27},"end":{"line":8,"column":3}},"locations":[{"start":{"line":6,"column":27},"end":{"line":8,"column":3}}]},"1":{"type":"branch","line":11,"loc":{"start":{"line":11,"column":28},"end":{"line":14,"column":3}},"locations":[{"start":{"line":11,"column":28},"end":{"line":14,"column":3}}]},"2":{"type":"branch","line":16,"loc":{"start":{"line":16,"column":21},"end":{"line":25,"column":3}},"locations":[{"start":{"line":16,"column":21},"end":{"line":25,"column":3}}]},"3":{"type":"branch","line":19,"loc":{"start":{"line":19,"column":20},"end":{"line":21,"column":7}},"locations":[{"start":{"line":19,"column":20},"end":{"line":21,"column":7}}]},"4":{"type":"branch","line":22,"loc":{"start":{"line":22,"column":18},"end":{"line":24,"column":7}},"locations":[{"start":{"line":22,"column":18},"end":{"line":24,"column":7}}]},"5":{"type":"branch","line":29,"loc":{"start":{"line":29,"column":29},"end":{"line":34,"column":3}},"locations":[{"start":{"line":29,"column":29},"end":{"line":34,"column":3}}]},"6":{"type":"branch","line":30,"loc":{"start":{"line":30,"column":5},"end":{"line":33,"column":13}},"locations":[{"start":{"line":30,"column":5},"end":{"line":33,"column":13}}]}},"b":{"0":[1],"1":[1],"2":[1],"3":[1],"4":[1],"5":[1],"6":[1]},"fnMap":{"0":{"name":"parseRawBody","decl":{"start":{"line":16,"column":21},"end":{"line":25,"column":3}},"loc":{"start":{"line":16,"column":21},"end":{"line":25,"column":3}},"line":16}},"f":{"0":1}}
}
