TN:
SF:lib\convertCsv.js
FN:6,splitCsv
FN:13,replaceQuotesWithBrackets
FN:45,formatBracketArrayToStringOutput
FN:54,convertCsv
FNF:4
FNH:4
FNDA:36,splitCsv
FNDA:36,replaceQuotesWithBrackets
FNDA:35,formatBracketArrayToStringOutput
FNDA:35,convertCsv
DA:1,1
DA:2,1
DA:3,1
DA:4,1
DA:5,1
DA:6,1
DA:7,1
DA:8,1
DA:9,1
DA:10,1
DA:11,1
DA:12,1
DA:13,1
DA:14,36
DA:15,36
DA:16,228
DA:17,197
DA:18,197
DA:19,48
DA:20,48
DA:21,197
DA:22,197
DA:23,48
DA:24,48
DA:25,48
DA:26,101
DA:27,101
DA:28,101
DA:29,101
DA:30,101
DA:31,197
DA:32,31
DA:33,31
DA:34,31
DA:35,31
DA:36,228
DA:37,36
DA:38,36
DA:39,1
DA:40,1
DA:41,1
DA:42,1
DA:43,1
DA:44,1
DA:45,1
DA:46,35
DA:47,35
DA:48,1
DA:49,1
DA:50,1
DA:51,1
DA:52,1
DA:53,1
DA:54,1
DA:55,35
DA:56,35
DA:57,35
DA:58,35
DA:59,1
DA:60,1
DA:61,1
DA:62,1
LF:62
LH:62
BRDA:6,0,0,36
BRDA:13,1,0,36
BRDA:15,2,0,228
BRDA:16,3,0,197
BRDA:18,4,0,149
BRDA:18,5,0,48
BRDA:22,6,0,48
BRDA:22,7,0,48
BRDA:26,8,0,101
BRDA:32,9,0,31
BRDA:45,10,0,35
BRDA:54,11,0,35
BRF:12
BRH:12
end_of_record
TN:
SF:lib\parseBody.js
FN:8,splitBody
FN:15,convertArrayToBlockFormatString
FN:33,convertBodyToStringBlock
FNF:3
FNH:3
FNDA:7,splitBody
FNDA:6,convertArrayToBlockFormatString
FNDA:5,convertBodyToStringBlock
DA:1,1
DA:2,1
DA:3,1
DA:4,1
DA:5,1
DA:6,1
DA:7,1
DA:8,1
DA:9,1
DA:10,1
DA:11,1
DA:12,1
DA:13,1
DA:14,1
DA:15,1
DA:16,6
DA:17,6
DA:18,6
DA:19,25
DA:20,13
DA:21,25
DA:22,6
DA:23,6
DA:24,25
DA:25,6
DA:26,6
DA:27,1
DA:28,1
DA:29,1
DA:30,1
DA:31,1
DA:32,1
DA:33,1
DA:34,5
DA:35,5
DA:36,5
DA:37,5
DA:38,1
DA:39,1
DA:40,1
DA:41,1
LF:41
LH:41
BRDA:8,0,0,7
BRDA:15,1,0,6
BRDA:18,2,0,25
BRDA:19,3,0,13
BRDA:21,4,0,12
BRDA:21,5,0,6
BRDA:33,6,0,5
BRF:7
BRH:7
end_of_record
TN:
SF:routes\parseCsv.js
FNF:0
FNH:0
DA:1,1
DA:2,1
DA:3,1
DA:4,1
DA:5,1
DA:6,1
DA:7,1
DA:8,1
DA:9,1
DA:10,1
DA:11,1
DA:12,1
DA:13,3
DA:14,2
DA:15,3
DA:16,1
DA:17,1
DA:18,1
DA:19,3
DA:20,1
DA:21,1
DA:22,5
DA:23,3
DA:24,5
DA:25,2
DA:26,2
DA:27,2
DA:28,2
DA:29,2
DA:30,5
DA:31,1
DA:32,1
LF:32
LH:32
BRDA:8,0,0,1
BRDA:12,1,0,3
BRDA:13,2,0,2
BRDA:15,3,0,1
BRDA:21,4,0,5
BRDA:22,5,0,3
BRDA:24,6,0,2
BRDA:25,7,0,2
BRF:8
BRH:8
end_of_record
