TN:
SF:lib\convertCsv.js
FN:6,splitCsv
FN:14,replaceQuotesWithBrackets
FN:48,formatBracketArrayToStringOutput
FN:58,convertCsv
FNF:4
FNH:4
FNDA:20,splitCsv
FNDA:20,replaceQuotesWithBrackets
FNDA:19,formatBracketArrayToStringOutput
FNDA:19,convertCsv
DA:1,1
DA:2,1
DA:3,1
DA:4,1
DA:5,1
DA:6,1
DA:7,1
DA:8,1
DA:9,1
DA:10,1
DA:11,1
DA:12,1
DA:13,1
DA:14,1
DA:15,20
DA:16,20
DA:17,126
DA:18,106
DA:19,106
DA:20,26
DA:21,26
DA:22,26
DA:23,80
DA:24,80
DA:25,26
DA:26,26
DA:27,26
DA:28,80
DA:29,80
DA:30,80
DA:31,80
DA:32,80
DA:33,106
DA:34,20
DA:35,20
DA:36,20
DA:37,20
DA:38,126
DA:39,20
DA:40,20
DA:41,1
DA:42,1
DA:43,1
DA:44,1
DA:45,1
DA:46,1
DA:47,1
DA:48,1
DA:49,19
DA:50,19
DA:51,1
DA:52,1
DA:53,1
DA:54,1
DA:55,1
DA:56,1
DA:57,1
DA:58,1
DA:59,19
DA:60,19
DA:61,19
DA:62,19
DA:63,1
DA:64,1
DA:65,1
DA:66,1
LF:66
LH:66
BRDA:6,0,0,20
BRDA:14,1,0,20
BRDA:16,2,0,126
BRDA:17,3,0,106
BRDA:19,4,0,80
BRDA:19,5,0,26
BRDA:23,6,0,80
BRDA:24,7,0,26
BRDA:24,8,0,26
BRDA:34,9,0,20
BRDA:48,10,0,19
BRDA:58,11,0,19
BRF:12
BRH:12
end_of_record
TN:
SF:lib\parseBody.js
FN:8,splitBody
FN:15,convertArrayToBlockFormatString
FN:37,convertBodyToStringBlock
FNF:3
FNH:3
FNDA:3,splitBody
FNDA:2,convertArrayToBlockFormatString
FNDA:1,convertBodyToStringBlock
DA:1,1
DA:2,1
DA:3,1
DA:4,1
DA:5,1
DA:6,1
DA:7,1
DA:8,1
DA:9,1
DA:10,1
DA:11,1
DA:12,1
DA:13,1
DA:14,1
DA:15,1
DA:16,2
DA:17,2
DA:18,10
DA:19,6
DA:20,6
DA:21,10
DA:22,2
DA:23,2
DA:24,2
DA:25,10
DA:26,2
DA:27,2
DA:28,2
DA:29,2
DA:30,2
DA:31,1
DA:32,1
DA:33,1
DA:34,1
DA:35,1
DA:36,1
DA:37,1
DA:38,1
DA:39,1
DA:40,1
DA:41,1
DA:42,1
DA:43,1
DA:44,1
DA:45,1
LF:45
LH:45
BRDA:8,0,0,3
BRDA:15,1,0,2
BRDA:17,2,0,10
BRDA:18,3,0,6
BRDA:21,4,0,4
BRDA:21,5,0,2
BRDA:37,6,0,1
BRF:7
BRH:7
end_of_record
